This is pdfTeX, Version 3.14159265-2.6-1.40.19 (TeX Live 2018/Arch Linux) (preloaded format=pdflatex 2019.3.31)  5 APR 2019 05:01
entering extended mode
 restricted \write18 enabled.
 %&-line parsing enabled.
**SDiZO.tex
(./SDiZO.tex
LaTeX2e <2018-12-01>
(/usr/share/texmf-dist/tex/latex/base/article.cls
Document Class: article 2018/09/03 v1.4i Standard LaTeX document class
(/usr/share/texmf-dist/tex/latex/base/size11.clo
File: size11.clo 2018/09/03 v1.4i Standard LaTeX file (size option)
)
\c@part=\count80
\c@section=\count81
\c@subsection=\count82
\c@subsubsection=\count83
\c@paragraph=\count84
\c@subparagraph=\count85
\c@figure=\count86
\c@table=\count87
\abovecaptionskip=\skip41
\belowcaptionskip=\skip42
\bibindent=\dimen102
)
(/usr/share/texmf-dist/tex/latex/geometry/geometry.sty
Package: geometry 2018/04/16 v5.8 Page Geometry

(/usr/share/texmf-dist/tex/latex/graphics/keyval.sty
Package: keyval 2014/10/28 v1.15 key=value parser (DPC)
\KV@toks@=\toks14
)
(/usr/share/texmf-dist/tex/generic/oberdiek/ifpdf.sty
Package: ifpdf 2018/09/07 v3.3 Provides the ifpdf switch
)
(/usr/share/texmf-dist/tex/generic/oberdiek/ifvtex.sty
Package: ifvtex 2016/05/16 v1.6 Detect VTeX and its facilities (HO)
Package ifvtex Info: VTeX not detected.
)
(/usr/share/texmf-dist/tex/generic/ifxetex/ifxetex.sty
Package: ifxetex 2010/09/12 v0.6 Provides ifxetex conditional
)
\Gm@cnth=\count88
\Gm@cntv=\count89
\c@Gm@tempcnt=\count90
\Gm@bindingoffset=\dimen103
\Gm@wd@mp=\dimen104
\Gm@odd@mp=\dimen105
\Gm@even@mp=\dimen106
\Gm@layoutwidth=\dimen107
\Gm@layoutheight=\dimen108
\Gm@layouthoffset=\dimen109
\Gm@layoutvoffset=\dimen110
\Gm@dimlist=\toks15
)
(/usr/share/texmf-dist/tex/generic/babel/babel.sty
Package: babel 2018/11/13 3.27 The Babel package

(/usr/share/texmf-dist/tex/generic/babel/switch.def
File: switch.def 2018/11/13 3.27 Babel switching mechanism
)
(/usr/share/texmf-dist/tex/generic/babel-polish/polish.ldf
Language: polish 2005/03/31 v1.2l Polish support from the babel system

(/usr/share/texmf-dist/tex/generic/babel/babel.def
File: babel.def 2018/11/13 3.27 Babel common definitions
\babel@savecnt=\count91
\U@D=\dimen111

(/usr/share/texmf-dist/tex/generic/babel/txtbabel.def)
\bbl@dirlevel=\count92
)
Package babel Info: Making " an active character on input line 83.
\pl@left=\dimen112
\pl@down=\dimen113
\pl@right=\dimen114
\pl@temp=\dimen115
))
(/usr/share/texmf-dist/tex/latex/polski/polski.sty
Package: polski 2017/05/04 v1.3.4 Polish language package

   Switching to Polish text encoding and Polish maths fonts.
(/usr/share/texmf-dist/tex/latex/base/ot4enc.def
File: ot4enc.def 2018/08/11 v2.0j Standard LaTeX file
Now handling font encoding OT4 ...
... no UTF-8 mapping file for font encoding OT4
)
LaTeX Font Info:    Try loading font information for OT4+cmr on input line 360.


(/usr/share/texmf-dist/tex/latex/polski/ot4cmr.fd
File: ot4cmr.fd 2008/02/24 v1.2.1 Font defs for fonts PL (MW)
)
LaTeX Font Info:    Overwriting math alphabet `\mathbf' in version `normal'
(Font)                  OT1/cmr/bx/n --> OT4/cmr/bx/n on input line 360.
LaTeX Font Info:    Overwriting math alphabet `\mathsf' in version `normal'
(Font)                  OT1/cmss/m/n --> OT4/cmss/m/n on input line 360.
LaTeX Font Info:    Overwriting math alphabet `\mathit' in version `normal'
(Font)                  OT1/cmr/m/it --> OT4/cmr/m/it on input line 360.
LaTeX Font Info:    Overwriting math alphabet `\mathtt' in version `normal'
(Font)                  OT1/cmtt/m/n --> OT4/cmtt/m/n on input line 360.
LaTeX Font Info:    Overwriting math alphabet `\mathsf' in version `bold'
(Font)                  OT1/cmss/bx/n --> OT4/cmss/bx/n on input line 360.
LaTeX Font Info:    Overwriting math alphabet `\mathit' in version `bold'
(Font)                  OT1/cmr/bx/it --> OT4/cmr/bx/it on input line 360.
LaTeX Font Info:    Encoding `OT1' has changed to `OT4' for symbol font
(Font)              `operators' in the math version `normal' on input line 360.

LaTeX Font Info:    Overwriting symbol font `operators' in version `normal'
(Font)                  OT1/cmr/m/n --> OT4/cmr/m/n on input line 360.
LaTeX Font Info:    Overwriting symbol font `letters' in version `normal'
(Font)                  OML/cmm/m/it --> OML/plm/m/it on input line 360.
LaTeX Font Info:    Overwriting symbol font `symbols' in version `normal'
(Font)                  OMS/cmsy/m/n --> OMS/plsy/m/n on input line 360.
LaTeX Font Info:    Overwriting symbol font `largesymbols' in version `normal'
(Font)                  OMX/cmex/m/n --> OMX/plex/m/n on input line 360.
LaTeX Font Info:    Encoding `OT1' has changed to `OT4' for symbol font
(Font)              `operators' in the math version `bold' on input line 360.
LaTeX Font Info:    Overwriting symbol font `operators' in version `bold'
(Font)                  OT1/cmr/bx/n --> OT4/cmr/bx/n on input line 360.
LaTeX Font Info:    Overwriting symbol font `letters' in version `bold'
(Font)                  OML/cmm/b/it --> OML/plm/b/it on input line 360.
LaTeX Font Info:    Overwriting symbol font `symbols' in version `bold'
(Font)                  OMS/cmsy/b/n --> OMS/plsy/b/n on input line 360.
)
(/usr/share/texmf-dist/tex/latex/base/inputenc.sty
Package: inputenc 2018/08/11 v1.3c Input encoding file
\inpenc@prehook=\toks16
\inpenc@posthook=\toks17
)
(/usr/share/texmf-dist/tex/latex/base/fontenc.sty
Package: fontenc 2018/08/11 v2.0j Standard LaTeX package

(/usr/share/texmf-dist/tex/latex/base/t1enc.def
File: t1enc.def 2018/08/11 v2.0j Standard LaTeX file
LaTeX Font Info:    Redeclaring font encoding T1 on input line 48.
))
(/usr/share/texmf-dist/tex/latex/booktabs/booktabs.sty
Package: booktabs 2016/04/27 v1.618033 publication quality tables
\heavyrulewidth=\dimen116
\lightrulewidth=\dimen117
\cmidrulewidth=\dimen118
\belowrulesep=\dimen119
\belowbottomsep=\dimen120
\aboverulesep=\dimen121
\abovetopsep=\dimen122
\cmidrulesep=\dimen123
\cmidrulekern=\dimen124
\defaultaddspace=\dimen125
\@cmidla=\count93
\@cmidlb=\count94
\@aboverulesep=\dimen126
\@belowrulesep=\dimen127
\@thisruleclass=\count95
\@lastruleclass=\count96
\@thisrulewidth=\dimen128
)
(/usr/share/texmf-dist/tex/latex/multirow/multirow.sty
Package: multirow 2019/01/01 v2.4 Span multiple rows of a table
\multirow@colwidth=\skip43
\multirow@cntb=\count97
\multirow@dima=\skip44
\bigstrutjot=\dimen129
)
(/usr/share/texmf-dist/tex/latex/tools/multicol.sty
Package: multicol 2018/12/27 v1.8v multicolumn formatting (FMi)
\c@tracingmulticols=\count98
\mult@box=\box27
\multicol@leftmargin=\dimen130
\c@unbalance=\count99
\c@collectmore=\count100
\doublecol@number=\count101
\multicoltolerance=\count102
\multicolpretolerance=\count103
\full@width=\dimen131
\page@free=\dimen132
\premulticols=\dimen133
\postmulticols=\dimen134
\multicolsep=\skip45
\multicolbaselineskip=\skip46
\partial@page=\box28
\last@line=\box29
\maxbalancingoverflow=\dimen135
\mult@rightbox=\box30
\mult@grightbox=\box31
\mult@gfirstbox=\box32
\mult@firstbox=\box33
\@tempa=\box34
\@tempa=\box35
\@tempa=\box36
\@tempa=\box37
\@tempa=\box38
\@tempa=\box39
\@tempa=\box40
\@tempa=\box41
\@tempa=\box42
\@tempa=\box43
\@tempa=\box44
\@tempa=\box45
\@tempa=\box46
\@tempa=\box47
\@tempa=\box48
\@tempa=\box49
\@tempa=\box50
\c@columnbadness=\count104
\c@finalcolumnbadness=\count105
\last@try=\dimen136
\multicolovershoot=\dimen137
\multicolundershoot=\dimen138
\mult@nat@firstbox=\box51
\colbreak@box=\box52
\mc@col@check@num=\count106
)
(/usr/share/texmf-dist/tex/latex/listings/listings.sty
\lst@mode=\count107
\lst@gtempboxa=\box53
\lst@token=\toks18
\lst@length=\count108
\lst@currlwidth=\dimen139
\lst@column=\count109
\lst@pos=\count110
\lst@lostspace=\dimen140
\lst@width=\dimen141
\lst@newlines=\count111
\lst@lineno=\count112
\lst@maxwidth=\dimen142

(/usr/share/texmf-dist/tex/latex/listings/lstmisc.sty
File: lstmisc.sty 2018/09/02 1.7 (Carsten Heinz)
\c@lstnumber=\count113
\lst@skipnumbers=\count114
\lst@framebox=\box54
)
(/usr/share/texmf-dist/tex/latex/listings/listings.cfg
File: listings.cfg 2018/09/02 1.7 listings configuration
))
Package: listings 2018/09/02 1.7 (Carsten Heinz)

(/usr/share/texmf-dist/tex/latex/graphics/graphicx.sty
Package: graphicx 2017/06/01 v1.1a Enhanced LaTeX Graphics (DPC,SPQR)

(/usr/share/texmf-dist/tex/latex/graphics/graphics.sty
Package: graphics 2017/06/25 v1.2c Standard LaTeX Graphics (DPC,SPQR)

(/usr/share/texmf-dist/tex/latex/graphics/trig.sty
Package: trig 2016/01/03 v1.10 sin cos tan (DPC)
)
(/usr/share/texmf-dist/tex/latex/graphics-cfg/graphics.cfg
File: graphics.cfg 2016/06/04 v1.11 sample graphics configuration
)
Package graphics Info: Driver file: pdftex.def on input line 99.

(/usr/share/texmf-dist/tex/latex/graphics-def/pdftex.def
File: pdftex.def 2018/01/08 v1.0l Graphics/color driver for pdftex
))
\Gin@req@height=\dimen143
\Gin@req@width=\dimen144
)
(/usr/share/texmf-dist/tex/latex/xcolor/xcolor.sty
Package: xcolor 2016/05/11 v2.12 LaTeX color extensions (UK)

(/usr/share/texmf-dist/tex/latex/graphics-cfg/color.cfg
File: color.cfg 2016/01/02 v1.6 sample color configuration
)
Package xcolor Info: Driver file: pdftex.def on input line 225.
Package xcolor Info: Model `cmy' substituted by `cmy0' on input line 1348.
Package xcolor Info: Model `hsb' substituted by `rgb' on input line 1352.
Package xcolor Info: Model `RGB' extended on input line 1364.
Package xcolor Info: Model `HTML' substituted by `rgb' on input line 1366.
Package xcolor Info: Model `Hsb' substituted by `hsb' on input line 1367.
Package xcolor Info: Model `tHsb' substituted by `hsb' on input line 1368.
Package xcolor Info: Model `HSB' substituted by `hsb' on input line 1369.
Package xcolor Info: Model `Gray' substituted by `gray' on input line 1370.
Package xcolor Info: Model `wave' substituted by `hsb' on input line 1371.
)
(/usr/share/texmf-dist/tex/latex/caption/caption.sty
Package: caption 2018/10/06 v3.3-154 Customizing captions (AR)

(/usr/share/texmf-dist/tex/latex/caption/caption3.sty
Package: caption3 2018/09/12 v1.8c caption3 kernel (AR)
Package caption3 Info: TeX engine: e-TeX on input line 64.
\captionmargin=\dimen145
\captionmargin@=\dimen146
\captionwidth=\dimen147
\caption@tempdima=\dimen148
\caption@indent=\dimen149
\caption@parindent=\dimen150
\caption@hangindent=\dimen151
)
\c@caption@flags=\count115
\c@ContinuedFloat=\count116
Package caption Info: listings package is loaded.
) (./SDiZO.aux)
\openout1 = `SDiZO.aux'.

LaTeX Font Info:    Checking defaults for OML/cmm/m/it on input line 39.
LaTeX Font Info:    ... okay on input line 39.
LaTeX Font Info:    Checking defaults for T1/cmr/m/n on input line 39.
LaTeX Font Info:    ... okay on input line 39.
LaTeX Font Info:    Checking defaults for OT1/cmr/m/n on input line 39.
LaTeX Font Info:    ... okay on input line 39.
LaTeX Font Info:    Checking defaults for OMS/cmsy/m/n on input line 39.
LaTeX Font Info:    ... okay on input line 39.
LaTeX Font Info:    Checking defaults for OMX/cmex/m/n on input line 39.
LaTeX Font Info:    ... okay on input line 39.
LaTeX Font Info:    Checking defaults for U/cmr/m/n on input line 39.
LaTeX Font Info:    ... okay on input line 39.
LaTeX Font Info:    Checking defaults for OT4/cmr/m/n on input line 39.
LaTeX Font Info:    ... okay on input line 39.

*geometry* driver: auto-detecting
*geometry* detected driver: pdftex
*geometry* verbose mode - [ preamble ] result:
* driver: pdftex
* paper: a4paper
* layout: <same size as paper>
* layoutoffset:(h,v)=(0.0pt,0.0pt)
* modes: 
* h-part:(L,W,R)=(71.13188pt, 455.24411pt, 71.13188pt)
* v-part:(T,H,B)=(71.13188pt, 702.78308pt, 71.13188pt)
* \paperwidth=597.50787pt
* \paperheight=845.04684pt
* \textwidth=455.24411pt
* \textheight=702.78308pt
* \oddsidemargin=-1.1381pt
* \evensidemargin=-1.1381pt
* \topmargin=-38.1381pt
* \headheight=12.0pt
* \headsep=25.0pt
* \topskip=11.0pt
* \footskip=30.0pt
* \marginparwidth=59.0pt
* \marginparsep=10.0pt
* \columnsep=10.0pt
* \skip\footins=10.0pt plus 4.0pt minus 2.0pt
* \hoffset=0.0pt
* \voffset=0.0pt
* \mag=1000
* \@twocolumnfalse
* \@twosidefalse
* \@mparswitchfalse
* \@reversemarginfalse
* (1in=72.27pt=25.4mm, 1cm=28.453pt)

\c@lstlisting=\count117
(/usr/share/texmf-dist/tex/context/base/mkii/supp-pdf.mkii
[Loading MPS to PDF converter (version 2006.09.02).]
\scratchcounter=\count118
\scratchdimen=\dimen152
\scratchbox=\box55
\nofMPsegments=\count119
\nofMParguments=\count120
\everyMPshowfont=\toks19
\MPscratchCnt=\count121
\MPscratchDim=\dimen153
\MPnumerator=\count122
\makeMPintoPDFobject=\count123
\everyMPtoPDFconversion=\toks20
) (/usr/share/texmf-dist/tex/latex/oberdiek/epstopdf-base.sty
Package: epstopdf-base 2016/05/15 v2.6 Base part for package epstopdf

(/usr/share/texmf-dist/tex/generic/oberdiek/infwarerr.sty
Package: infwarerr 2016/05/16 v1.4 Providing info/warning/error messages (HO)
)
(/usr/share/texmf-dist/tex/latex/oberdiek/grfext.sty
Package: grfext 2016/05/16 v1.2 Manage graphics extensions (HO)

(/usr/share/texmf-dist/tex/generic/oberdiek/kvdefinekeys.sty
Package: kvdefinekeys 2016/05/16 v1.4 Define keys (HO)

(/usr/share/texmf-dist/tex/generic/oberdiek/ltxcmds.sty
Package: ltxcmds 2016/05/16 v1.23 LaTeX kernel commands for general use (HO)
)))
(/usr/share/texmf-dist/tex/latex/oberdiek/kvoptions.sty
Package: kvoptions 2016/05/16 v3.12 Key value format for package options (HO)

(/usr/share/texmf-dist/tex/generic/oberdiek/kvsetkeys.sty
Package: kvsetkeys 2016/05/16 v1.17 Key value parser (HO)

(/usr/share/texmf-dist/tex/generic/oberdiek/etexcmds.sty
Package: etexcmds 2016/05/16 v1.6 Avoid name clashes with e-TeX commands (HO)

(/usr/share/texmf-dist/tex/generic/oberdiek/ifluatex.sty
Package: ifluatex 2016/05/16 v1.4 Provides the ifluatex switch (HO)
Package ifluatex Info: LuaTeX not detected.
)
Package etexcmds Info: Could not find \expanded.
(etexcmds)             That can mean that you are not using pdfTeX 1.50 or
(etexcmds)             that some package has redefined \expanded.
(etexcmds)             In the latter case, load this package earlier.
)))
(/usr/share/texmf-dist/tex/generic/oberdiek/pdftexcmds.sty
Package: pdftexcmds 2018/09/10 v0.29 Utility functions of pdfTeX for LuaTeX (HO
)
Package pdftexcmds Info: LuaTeX not detected.
Package pdftexcmds Info: \pdf@primitive is available.
Package pdftexcmds Info: \pdf@ifprimitive is available.
Package pdftexcmds Info: \pdfdraftmode found.
)
Package epstopdf-base Info: Redefining graphics rule for `.eps' on input line 4
38.
Package grfext Info: Graphics extension search list:
(grfext)             [.pdf,.png,.jpg,.mps,.jpeg,.jbig2,.jb2,.PDF,.PNG,.JPG,.JPE
G,.JBIG2,.JB2,.eps]
(grfext)             \AppendGraphicsExtensions on input line 456.

(/usr/share/texmf-dist/tex/latex/latexconfig/epstopdf-sys.cfg
File: epstopdf-sys.cfg 2010/07/13 v1.3 Configuration of (r)epstopdf for TeX Liv
e
))
Package caption Info: Begin \AtBeginDocument code.
Package caption Info: End \AtBeginDocument code.
 [1

{/var/lib/texmf/fonts/map/pdftex/updmap/pdftex.map}] (./SDiZO.toc
LaTeX Font Info:    Try loading font information for OML+plm on input line 3.

(/usr/share/texmf-dist/tex/latex/polski/omlplm.fd
File: omlplm.fd 2008/02/24 v1.2.1 Font defs for fonts PL (MW)
)
LaTeX Font Info:    Try loading font information for OMS+plsy on input line 3.

(/usr/share/texmf-dist/tex/latex/polski/omsplsy.fd
File: omsplsy.fd 2008/02/24 v1.2.1 Font defs for fonts PL (MW)
)
LaTeX Font Info:    Try loading font information for OMX+plex on input line 3.

(/usr/share/texmf-dist/tex/latex/polski/omxplex.fd
File: omxplex.fd 2008/02/24 v1.2.1 Font defs for fonts PL (MW)
)
LaTeX Font Info:    External font `plex10' loaded for size
(Font)              <10.95> on input line 3.
LaTeX Font Info:    External font `plex10' loaded for size
(Font)              <8> on input line 3.
LaTeX Font Info:    External font `plex10' loaded for size
(Font)              <6> on input line 3.
)
\tf@toc=\write3
\openout3 = `SDiZO.toc'.

 [1]
LaTeX Font Info:    Try loading font information for OMS+cmr on input line 67.

(/usr/share/texmf-dist/tex/latex/base/omscmr.fd
File: omscmr.fd 2014/09/29 v2.5h Standard LaTeX font definitions
)
LaTeX Font Info:    Font shape `OMS/cmr/m/n' in size <10.95> not available
(Font)              Font shape `OMS/cmsy/m/n' tried instead on input line 67.
 [2]
(/usr/share/texmf-dist/tex/latex/listings/lstlang1.sty
File: lstlang1.sty 2018/09/02 1.7 listings language file
)
(/usr/share/texmf-dist/tex/latex/listings/lstlang1.sty
File: lstlang1.sty 2018/09/02 1.7 listings language file
)
(/usr/share/texmf-dist/tex/latex/listings/lstmisc.sty
File: lstmisc.sty 2018/09/02 1.7 (Carsten Heinz)
)
Overfull \hbox (21.64964pt too wide) in paragraph at lines 153--154
[][][][][][][][][][][][][][][][] 
 []


Overfull \hbox (34.71523pt too wide) in paragraph at lines 154--155
[][][][][][][][][][][][][][][][][][][][][] 
 []

[3]
<../tab/tab_add_r_1000_el.png, id=26, 462.528pt x 346.896pt>
File: ../tab/tab_add_r_1000_el.png Graphic file (type png)
<use ../tab/tab_add_r_1000_el.png>
Package pdftex.def Info: ../tab/tab_add_r_1000_el.png  used on input line 203.
(pdftex.def)             Requested size: 275.42572pt x 206.5777pt.

Overfull \hbox (25.04008pt too wide) in paragraph at lines 203--203
[][] 
 []

<../tab/tab_rem_r_1000_el.png, id=28, 462.528pt x 346.896pt>
File: ../tab/tab_rem_r_1000_el.png Graphic file (type png)
<use ../tab/tab_rem_r_1000_el.png>
Package pdftex.def Info: ../tab/tab_rem_r_1000_el.png  used on input line 209.
(pdftex.def)             Requested size: 275.42572pt x 206.5777pt.

Overfull \hbox (25.04008pt too wide) in paragraph at lines 209--209
[][] 
 []

[4]
<../tab/tab_test_1000el.png, id=32, 462.528pt x 346.896pt>
File: ../tab/tab_test_1000el.png Graphic file (type png)
<use ../tab/tab_test_1000el.png>
Package pdftex.def Info: ../tab/tab_test_1000el.png  used on input line 216.
(pdftex.def)             Requested size: 275.42572pt x 206.5777pt.

Overfull \hbox (25.04008pt too wide) in paragraph at lines 216--216
[][] 
 []

<../tab/tab_add_zera_1000_el.png, id=33, 462.528pt x 346.896pt>
File: ../tab/tab_add_zera_1000_el.png Graphic file (type png)
<use ../tab/tab_add_zera_1000_el.png>
Package pdftex.def Info: ../tab/tab_add_zera_1000_el.png  used on input line 22
0.
(pdftex.def)             Requested size: 275.42572pt x 206.5777pt.

Overfull \hbox (25.04008pt too wide) in paragraph at lines 220--220
[][] 
 []

<../list/list_add_r_1000_el.png, id=34, 678.6153pt x 397.485pt>
File: ../list/list_add_r_1000_el.png Graphic file (type png)
<use ../list/list_add_r_1000_el.png>
Package pdftex.def Info: ../list/list_add_r_1000_el.png  used on input line 226
.
(pdftex.def)             Requested size: 275.42572pt x 161.32625pt.

Overfull \hbox (25.04008pt too wide) in paragraph at lines 226--226
[][] 
 []

<../list/list_rem_r_1000_el.png, id=35, 635.976pt x 364.9635pt>
File: ../list/list_rem_r_1000_el.png Graphic file (type png)
<use ../list/list_rem_r_1000_el.png>
Package pdftex.def Info: ../list/list_rem_r_1000_el.png  used on input line 229
.
(pdftex.def)             Requested size: 275.42572pt x 158.05615pt.

Overfull \hbox (25.04008pt too wide) in paragraph at lines 229--229
[][] 
 []

[5 <../tab/tab_add_r_1000_el.png> <../tab/tab_rem_r_1000_el.png> <../tab/tab_te
st_1000el.png> <../tab/tab_add_zera_1000_el.png>]
<../list/list_1000,000.png, id=45, 462.528pt x 346.896pt>
File: ../list/list_1000,000.png Graphic file (type png)
<use ../list/list_1000,000.png>
Package pdftex.def Info: ../list/list_1000,000.png  used on input line 234.
(pdftex.def)             Requested size: 250.38564pt x 187.79213pt.

Overfull \hbox (22.76358pt too wide) in paragraph at lines 234--234
[][] 
 []

<../heap/heap_rand.png, id=46, 462.528pt x 346.896pt>
File: ../heap/heap_rand.png Graphic file (type png)
<use ../heap/heap_rand.png>
Package pdftex.def Info: ../heap/heap_rand.png  used on input line 244.
(pdftex.def)             Requested size: 275.42572pt x 206.5777pt.

Overfull \hbox (25.04008pt too wide) in paragraph at lines 244--244
[][] 
 []

<../heap/heap_rem_rand_100,000_el.png, id=47, 462.528pt x 346.896pt>
File: ../heap/heap_rem_rand_100,000_el.png Graphic file (type png)
<use ../heap/heap_rem_rand_100,000_el.png>
Package pdftex.def Info: ../heap/heap_rem_rand_100,000_el.png  used on input li
ne 247.
(pdftex.def)             Requested size: 275.42572pt x 206.5777pt.

Overfull \hbox (25.04008pt too wide) in paragraph at lines 247--247
[][] 
 []

[6 <../list/list_add_r_1000_el.png> <../list/list_rem_r_1000_el.png> <../list/l
ist_1000,000.png>]
<../heap/heap_ros.png, id=55, 462.528pt x 346.896pt>
File: ../heap/heap_ros.png Graphic file (type png)
<use ../heap/heap_ros.png>
Package pdftex.def Info: ../heap/heap_ros.png  used on input line 252.
(pdftex.def)             Requested size: 275.42572pt x 206.5777pt.

Overfull \hbox (25.04008pt too wide) in paragraph at lines 252--252
[][] 
 []

<../heap/heap_rem_ros_100,000_el.png, id=56, 462.528pt x 346.896pt>
File: ../heap/heap_rem_ros_100,000_el.png Graphic file (type png)
<use ../heap/heap_rem_ros_100,000_el.png>
Package pdftex.def Info: ../heap/heap_rem_ros_100,000_el.png  used on input lin
e 255.
(pdftex.def)             Requested size: 275.42572pt x 206.5777pt.

Overfull \hbox (25.04008pt too wide) in paragraph at lines 255--255
[][] 
 []

<../heap/heap_mal.png, id=57, 462.528pt x 346.896pt>
File: ../heap/heap_mal.png Graphic file (type png)
<use ../heap/heap_mal.png>
Package pdftex.def Info: ../heap/heap_mal.png  used on input line 260.
(pdftex.def)             Requested size: 275.42572pt x 206.5777pt.

Overfull \hbox (25.04008pt too wide) in paragraph at lines 260--260
[][] 
 []

<../heap/heap_rem_mal_100,000_el.png, id=58, 462.528pt x 346.896pt>
File: ../heap/heap_rem_mal_100,000_el.png Graphic file (type png)
<use ../heap/heap_rem_mal_100,000_el.png>
Package pdftex.def Info: ../heap/heap_rem_mal_100,000_el.png  used on input lin
e 263.
(pdftex.def)             Requested size: 275.42572pt x 206.5777pt.

Overfull \hbox (25.04008pt too wide) in paragraph at lines 263--263
[][] 
 []

[7 <../heap/heap_rand.png> <../heap/heap_rem_rand_100,000_el.png> <../heap/heap
_ros.png> <../heap/heap_rem_ros_100,000_el.png>]
<../heap/szpilki.png, id=66, 462.528pt x 346.896pt>
File: ../heap/szpilki.png Graphic file (type png)
<use ../heap/szpilki.png>
Package pdftex.def Info: ../heap/szpilki.png  used on input line 270.
(pdftex.def)             Requested size: 275.42572pt x 206.5777pt.

Overfull \hbox (25.04008pt too wide) in paragraph at lines 270--270
[][] 
 []

[8 <../heap/heap_mal.png> <../heap/heap_rem_mal_100,000_el.png> <../heap/szpilk
i.png>] (./SDiZO.aux) ) 
Here is how much of TeX's memory you used:
 6620 strings out of 492616
 94084 string characters out of 6135177
 366484 words of memory out of 5000000
 10407 multiletter control sequences out of 15000+600000
 17464 words of font info for 39 fonts, out of 8000000 for 9000
 1141 hyphenation exceptions out of 8191
 41i,6n,60p,447b,1184s stack positions out of 5000i,500n,10000p,200000b,80000s
{/usr/share/texmf-dist/fonts/enc/dvips/cm-super/cm-super
-t1.enc}{/usr/share/texmf-dist/fonts/enc/dvips/pl/plms.enc}</usr/share/texmf-di
st/fonts/type1/public/amsfonts/cm/cmsy10.pfb></usr/share/texmf-dist/fonts/type1
/public/pl/plsy10.pfb></usr/share/texmf-dist/fonts/type1/public/cm-super/sfbx10
00.pfb></usr/share/texmf-dist/fonts/type1/public/cm-super/sfbx1095.pfb></usr/sh
are/texmf-dist/fonts/type1/public/cm-super/sfbx1200.pfb></usr/share/texmf-dist/
fonts/type1/public/cm-super/sfbx1440.pfb></usr/share/texmf-dist/fonts/type1/pub
lic/cm-super/sfcc1440.pfb></usr/share/texmf-dist/fonts/type1/public/cm-super/sf
cc1728.pfb></usr/share/texmf-dist/fonts/type1/public/cm-super/sfrm1000.pfb></us
r/share/texmf-dist/fonts/type1/public/cm-super/sfrm1095.pfb></usr/share/texmf-d
ist/fonts/type1/public/cm-super/sfrm1200.pfb></usr/share/texmf-dist/fonts/type1
/public/cm-super/sfti1095.pfb></usr/share/texmf-dist/fonts/type1/public/cm-supe
r/sfti1440.pfb>
Output written on SDiZO.pdf (9 pages, 598066 bytes).
PDF statistics:
 117 PDF objects out of 1000 (max. 8388607)
 64 compressed objects within 1 object stream
 0 named destinations out of 1000 (max. 500000)
 71 words of extra memory for PDF output out of 10000 (max. 10000000)

